[0.381s] Invoking command in '/home/koppechan90/ros2_ws/src/mypkg': PYTHONPATH=/home/koppechan90/ros2_ws/src/mypkg/install/mypkg/lib/python3.8/site-packages:${PYTHONPATH} /usr/bin/python3 setup.py egg_info --egg-base build/mypkg build --build-base /home/koppechan90/ros2_ws/src/mypkg/build/mypkg/build install --prefix /home/koppechan90/ros2_ws/src/mypkg/install/mypkg --record /home/koppechan90/ros2_ws/src/mypkg/build/mypkg/install.log --single-version-externally-managed
[0.506s] running egg_info
[0.506s] creating build/mypkg/mypkg.egg-info
[0.506s] writing build/mypkg/mypkg.egg-info/PKG-INFO
[0.506s] writing dependency_links to build/mypkg/mypkg.egg-info/dependency_links.txt
[0.506s] writing entry points to build/mypkg/mypkg.egg-info/entry_points.txt
[0.506s] writing requirements to build/mypkg/mypkg.egg-info/requires.txt
[0.507s] writing top-level names to build/mypkg/mypkg.egg-info/top_level.txt
[0.507s] writing manifest file 'build/mypkg/mypkg.egg-info/SOURCES.txt'
[0.528s] reading manifest file 'build/mypkg/mypkg.egg-info/SOURCES.txt'
[0.528s] writing manifest file 'build/mypkg/mypkg.egg-info/SOURCES.txt'
[0.528s] running build
[0.529s] running build_py
[0.529s] creating /home/koppechan90/ros2_ws/src/mypkg/build/mypkg/build
[0.529s] creating /home/koppechan90/ros2_ws/src/mypkg/build/mypkg/build/lib
[0.529s] creating /home/koppechan90/ros2_ws/src/mypkg/build/mypkg/build/lib/mypkg
[0.529s] copying mypkg/talker.py -> /home/koppechan90/ros2_ws/src/mypkg/build/mypkg/build/lib/mypkg
[0.529s] copying mypkg/listener.py -> /home/koppechan90/ros2_ws/src/mypkg/build/mypkg/build/lib/mypkg
[0.530s] copying mypkg/__init__.py -> /home/koppechan90/ros2_ws/src/mypkg/build/mypkg/build/lib/mypkg
[0.530s] running install
[0.530s] running install_lib
[0.530s] creating /home/koppechan90/ros2_ws/src/mypkg/install/mypkg/lib/python3.8/site-packages/mypkg
[0.530s] copying /home/koppechan90/ros2_ws/src/mypkg/build/mypkg/build/lib/mypkg/talker.py -> /home/koppechan90/ros2_ws/src/mypkg/install/mypkg/lib/python3.8/site-packages/mypkg
[0.530s] copying /home/koppechan90/ros2_ws/src/mypkg/build/mypkg/build/lib/mypkg/listener.py -> /home/koppechan90/ros2_ws/src/mypkg/install/mypkg/lib/python3.8/site-packages/mypkg
[0.531s] copying /home/koppechan90/ros2_ws/src/mypkg/build/mypkg/build/lib/mypkg/__init__.py -> /home/koppechan90/ros2_ws/src/mypkg/install/mypkg/lib/python3.8/site-packages/mypkg
[0.531s] byte-compiling /home/koppechan90/ros2_ws/src/mypkg/install/mypkg/lib/python3.8/site-packages/mypkg/talker.py to talker.cpython-38.pyc
[0.532s] byte-compiling /home/koppechan90/ros2_ws/src/mypkg/install/mypkg/lib/python3.8/site-packages/mypkg/listener.py to listener.cpython-38.pyc
[0.532s] byte-compiling /home/koppechan90/ros2_ws/src/mypkg/install/mypkg/lib/python3.8/site-packages/mypkg/__init__.py to __init__.cpython-38.pyc
[0.532s] running install_data
[0.533s] creating /home/koppechan90/ros2_ws/src/mypkg/install/mypkg/share/ament_index
[0.533s] creating /home/koppechan90/ros2_ws/src/mypkg/install/mypkg/share/ament_index/resource_index
[0.533s] creating /home/koppechan90/ros2_ws/src/mypkg/install/mypkg/share/ament_index/resource_index/packages
[0.533s] copying resource/mypkg -> /home/koppechan90/ros2_ws/src/mypkg/install/mypkg/share/ament_index/resource_index/packages
[0.533s] copying package.xml -> /home/koppechan90/ros2_ws/src/mypkg/install/mypkg/share/mypkg
[0.533s] running install_egg_info
[0.534s] Copying build/mypkg/mypkg.egg-info to /home/koppechan90/ros2_ws/src/mypkg/install/mypkg/lib/python3.8/site-packages/mypkg-0.0.0-py3.8.egg-info
[0.534s] running install_scripts
[0.547s] Installing talker = mypkg.talker:mainlistener script to /home/koppechan90/ros2_ws/src/mypkg/install/mypkg/lib/mypkg
[0.547s] writing list of installed files to '/home/koppechan90/ros2_ws/src/mypkg/build/mypkg/install.log'
[0.563s] Invoked command in '/home/koppechan90/ros2_ws/src/mypkg' returned '0': PYTHONPATH=/home/koppechan90/ros2_ws/src/mypkg/install/mypkg/lib/python3.8/site-packages:${PYTHONPATH} /usr/bin/python3 setup.py egg_info --egg-base build/mypkg build --build-base /home/koppechan90/ros2_ws/src/mypkg/build/mypkg/build install --prefix /home/koppechan90/ros2_ws/src/mypkg/install/mypkg --record /home/koppechan90/ros2_ws/src/mypkg/build/mypkg/install.log --single-version-externally-managed
